# JRE version: Java(TM) SE Runtime Environment (8.0_65-b17) (build 1.8.0_65-b17)
# Java VM: Java HotSpot(TM) 64-Bit Server VM (25.65-b01 mixed mode windows-amd64 compressed oops)
Heap:
 PSYoungGen      total 138240K, used 14366K [0x00000000d5b80000, 0x00000000e7d80000, 0x0000000100000000)
  eden space 133120K, 10% used [0x00000000d5b80000,0x00000000d6987828,0x00000000ddd80000)
  from space 5120K, 0% used [0x00000000ddd80000,0x00000000ddd80000,0x00000000de280000)
  to   space 15360K, 0% used [0x00000000e6e80000,0x00000000e6e80000,0x00000000e7d80000)
 ParOldGen       total 78848K, used 19535K [0x0000000081200000, 0x0000000085f00000, 0x00000000d5b80000)
  object space 78848K, 24% used [0x0000000081200000,0x0000000082513ff0,0x0000000085f00000)
 Metaspace       used 20938K, capacity 21788K, committed 22016K, reserved 1069056K
  class space    used 2565K, capacity 2811K, committed 2816K, reserved 1048576K
GC Heap History (10 events):
Event: 2.032 GC heap before
{Heap before GC invocations=2 (full 0):
 PSYoungGen      total 38400K, used 38038K [0x00000000d5b80000, 0x00000000da680000, 0x0000000100000000)
  eden space 33280K, 100% used [0x00000000d5b80000,0x00000000d7c00000,0x00000000d7c00000)
  from space 5120K, 92% used [0x00000000d7c00000,0x00000000d80a5b30,0x00000000d8100000)
  to   space 5120K, 0% used [0x00000000da180000,0x00000000da180000,0x00000000da680000)
 ParOldGen       total 87552K, used 8K [0x0000000081200000, 0x0000000086780000, 0x00000000d5b80000)
  object space 87552K, 0% used [0x0000000081200000,0x0000000081202000,0x0000000086780000)
 Metaspace       used 11532K, capacity 11738K, committed 11904K, reserved 1058816K
  class space    used 1468K, capacity 1545K, committed 1664K, reserved 1048576K
Event: 2.044 GC heap after
Heap after GC invocations=2 (full 0):
 PSYoungGen      total 71680K, used 5116K [0x00000000d5b80000, 0x00000000da680000, 0x0000000100000000)
  eden space 66560K, 0% used [0x00000000d5b80000,0x00000000d5b80000,0x00000000d9c80000)
  from space 5120K, 99% used [0x00000000da180000,0x00000000da67f040,0x00000000da680000)
  to   space 5120K, 0% used [0x00000000d9c80000,0x00000000d9c80000,0x00000000da180000)
 ParOldGen       total 87552K, used 2332K [0x0000000081200000, 0x0000000086780000, 0x00000000d5b80000)
  object space 87552K, 2% used [0x0000000081200000,0x0000000081447198,0x0000000086780000)
 Metaspace       used 11532K, capacity 11738K, committed 11904K, reserved 1058816K
  class space    used 1468K, capacity 1545K, committed 1664K, reserved 1048576K
}
Event: 4.650 GC heap before
{Heap before GC invocations=3 (full 0):
 PSYoungGen      total 71680K, used 71676K [0x00000000d5b80000, 0x00000000da680000, 0x0000000100000000)
  eden space 66560K, 100% used [0x00000000d5b80000,0x00000000d9c80000,0x00000000d9c80000)
  from space 5120K, 99% used [0x00000000da180000,0x00000000da67f040,0x00000000da680000)
  to   space 5120K, 0% used [0x00000000d9c80000,0x00000000d9c80000,0x00000000da180000)
 ParOldGen       total 87552K, used 2332K [0x0000000081200000, 0x0000000086780000, 0x00000000d5b80000)
  object space 87552K, 2% used [0x0000000081200000,0x0000000081447198,0x0000000086780000)
 Metaspace       used 15052K, capacity 15320K, committed 15488K, reserved 1062912K
  class space    used 1808K, capacity 1918K, committed 1920K, reserved 1048576K
Event: 4.695 GC heap after
Heap after GC invocations=3 (full 0):
 PSYoungGen      total 71680K, used 5096K [0x00000000d5b80000, 0x00000000de780000, 0x0000000100000000)
  eden space 66560K, 0% used [0x00000000d5b80000,0x00000000d5b80000,0x00000000d9c80000)
  from space 5120K, 99% used [0x00000000d9c80000,0x00000000da17a040,0x00000000da180000)
  to   space 5120K, 0% used [0x00000000de280000,0x00000000de280000,0x00000000de780000)
 ParOldGen       total 87552K, used 7050K [0x0000000081200000, 0x0000000086780000, 0x00000000d5b80000)
  object space 87552K, 8% used [0x0000000081200000,0x00000000818e2928,0x0000000086780000)
 Metaspace       used 15052K, capacity 15320K, committed 15488K, reserved 1062912K
  class space    used 1808K, capacity 1918K, committed 1920K, reserved 1048576K
}
Event: 7.199 GC heap before
{Heap before GC invocations=4 (full 0):
 PSYoungGen      total 71680K, used 71656K [0x00000000d5b80000, 0x00000000de780000, 0x0000000100000000)
  eden space 66560K, 100% used [0x00000000d5b80000,0x00000000d9c80000,0x00000000d9c80000)
  from space 5120K, 99% used [0x00000000d9c80000,0x00000000da17a040,0x00000000da180000)
  to   space 5120K, 0% used [0x00000000de280000,0x00000000de280000,0x00000000de780000)
 ParOldGen       total 87552K, used 7050K [0x0000000081200000, 0x0000000086780000, 0x00000000d5b80000)
  object space 87552K, 8% used [0x0000000081200000,0x00000000818e2928,0x0000000086780000)
 Metaspace       used 18060K, capacity 18644K, committed 18816K, reserved 1064960K
  class space    used 2156K, capacity 2344K, committed 2432K, reserved 1048576K
Event: 7.221 GC heap after
Heap after GC invocations=4 (full 0):
 PSYoungGen      total 138240K, used 5096K [0x00000000d5b80000, 0x00000000de780000, 0x0000000100000000)
  eden space 133120K, 0% used [0x00000000d5b80000,0x00000000d5b80000,0x00000000ddd80000)
  from space 5120K, 99% used [0x00000000de280000,0x00000000de77a040,0x00000000de780000)
  to   space 5120K, 0% used [0x00000000ddd80000,0x00000000ddd80000,0x00000000de280000)
 ParOldGen       total 87552K, used 13288K [0x0000000081200000, 0x0000000086780000, 0x00000000d5b80000)
  object space 87552K, 15% used [0x0000000081200000,0x0000000081efa300,0x0000000086780000)
 Metaspace       used 18060K, capacity 18644K, committed 18816K, reserved 1064960K
  class space    used 2156K, capacity 2344K, committed 2432K, reserved 1048576K
}
Event: 9.347 GC heap before
{Heap before GC invocations=5 (full 0):
 PSYoungGen      total 138240K, used 85083K [0x00000000d5b80000, 0x00000000de780000, 0x0000000100000000)
  eden space 133120K, 60% used [0x00000000d5b80000,0x00000000da99cfb0,0x00000000ddd80000)
  from space 5120K, 99% used [0x00000000de280000,0x00000000de77a040,0x00000000de780000)
  to   space 5120K, 0% used [0x00000000ddd80000,0x00000000ddd80000,0x00000000de280000)
 ParOldGen       total 87552K, used 13288K [0x0000000081200000, 0x0000000086780000, 0x00000000d5b80000)
  object space 87552K, 15% used [0x0000000081200000,0x0000000081efa300,0x0000000086780000)
 Metaspace       used 20308K, capacity 21116K, committed 21248K, reserved 1067008K
  class space    used 2478K, capacity 2739K, committed 2816K, reserved 1048576K
Event: 9.379 GC heap after
Heap after GC invocations=5 (full 0):
 PSYoungGen      total 138240K, used 5112K [0x00000000d5b80000, 0x00000000e7d80000, 0x0000000100000000)
  eden space 133120K, 0% used [0x00000000d5b80000,0x00000000d5b80000,0x00000000ddd80000)
  from space 5120K, 99% used [0x00000000ddd80000,0x00000000de27e030,0x00000000de280000)
  to   space 15360K, 0% used [0x00000000e6e80000,0x00000000e6e80000,0x00000000e7d80000)
 ParOldGen       total 87552K, used 20782K [0x0000000081200000, 0x0000000086780000, 0x00000000d5b80000)
  object space 87552K, 23% used [0x0000000081200000,0x000000008264ba40,0x0000000086780000)
 Metaspace       used 20308K, capacity 21116K, committed 21248K, reserved 1067008K
  class space    used 2478K, capacity 2739K, committed 2816K, reserved 1048576K
}
Event: 9.379 GC heap before
{Heap before GC invocations=6 (full 1):
 PSYoungGen      total 138240K, used 5112K [0x00000000d5b80000, 0x00000000e7d80000, 0x0000000100000000)
  eden space 133120K, 0% used [0x00000000d5b80000,0x00000000d5b80000,0x00000000ddd80000)
  from space 5120K, 99% used [0x00000000ddd80000,0x00000000de27e030,0x00000000de280000)
  to   space 15360K, 0% used [0x00000000e6e80000,0x00000000e6e80000,0x00000000e7d80000)
 ParOldGen       total 87552K, used 20782K [0x0000000081200000, 0x0000000086780000, 0x00000000d5b80000)
  object space 87552K, 23% used [0x0000000081200000,0x000000008264ba40,0x0000000086780000)
 Metaspace       used 20308K, capacity 21116K, committed 21248K, reserved 1067008K
  class space    used 2478K, capacity 2739K, committed 2816K, reserved 1048576K
Event: 9.532 GC heap after
Heap after GC invocations=6 (full 1):
 PSYoungGen      total 138240K, used 0K [0x00000000d5b80000, 0x00000000e7d80000, 0x0000000100000000)
  eden space 133120K, 0% used [0x00000000d5b80000,0x00000000d5b80000,0x00000000ddd80000)
  from space 5120K, 0% used [0x00000000ddd80000,0x00000000ddd80000,0x00000000de280000)
  to   space 15360K, 0% used [0x00000000e6e80000,0x00000000e6e80000,0x00000000e7d80000)
 ParOldGen       total 78848K, used 19535K [0x0000000081200000, 0x0000000085f00000, 0x00000000d5b80000)
  object space 78848K, 24% used [0x0000000081200000,0x0000000082513ff0,0x0000000085f00000)
 Metaspace       used 20308K, capacity 21116K, committed 21248K, reserved 1067008K
  class space    used 2478K, capacity 2739K, committed 2816K, reserved 1048576K
}

