# JRE version: Java(TM) SE Runtime Environment (8.0_65-b17) (build 1.8.0_65-b17)
# Java VM: Java HotSpot(TM) 64-Bit Server VM (25.65-b01 mixed mode windows-amd64 compressed oops)
Heap:
 PSYoungGen      total 619008K, used 444299K [0x00000000d5b80000, 0x0000000100000000, 0x0000000100000000)
  eden space 585216K, 75% used [0x00000000d5b80000,0x00000000f0d62f60,0x00000000f9700000)
  from space 33792K, 0% used [0x00000000fdf00000,0x00000000fdf00000,0x0000000100000000)
  to   space 53760K, 0% used [0x00000000f9700000,0x00000000f9700000,0x00000000fcb80000)
 ParOldGen       total 162816K, used 58655K [0x0000000081200000, 0x000000008b100000, 0x00000000d5b80000)
  object space 162816K, 36% used [0x0000000081200000,0x0000000084b47d88,0x000000008b100000)
 Metaspace       used 38158K, capacity 39078K, committed 39168K, reserved 1083392K
  class space    used 4290K, capacity 4580K, committed 4608K, reserved 1048576K
GC Heap History (10 events):
Event: 19.515 GC heap before
{Heap before GC invocations=14 (full 1):
 PSYoungGen      total 664576K, used 655461K [0x00000000d5b80000, 0x0000000100000000, 0x0000000100000000)
  eden space 637440K, 100% used [0x00000000d5b80000,0x00000000fca00000,0x00000000fca00000)
  from space 27136K, 66% used [0x00000000fe580000,0x00000000ff7197f0,0x0000000100000000)
  to   space 27648K, 0% used [0x00000000fca00000,0x00000000fca00000,0x00000000fe500000)
 ParOldGen       total 97792K, used 61271K [0x0000000081200000, 0x0000000087180000, 0x00000000d5b80000)
  object space 97792K, 62% used [0x0000000081200000,0x0000000084dd5c78,0x0000000087180000)
 Metaspace       used 24508K, capacity 25092K, committed 25344K, reserved 1071104K
  class space    used 2816K, capacity 3012K, committed 3072K, reserved 1048576K
Event: 19.525 GC heap after
Heap after GC invocations=14 (full 1):
 PSYoungGen      total 662016K, used 24562K [0x00000000d5b80000, 0x0000000100000000, 0x0000000100000000)
  eden space 637440K, 0% used [0x00000000d5b80000,0x00000000d5b80000,0x00000000fca00000)
  from space 24576K, 99% used [0x00000000fca00000,0x00000000fe1fcb38,0x00000000fe200000)
  to   space 30208K, 0% used [0x00000000fe280000,0x00000000fe280000,0x0000000100000000)
 ParOldGen       total 97792K, used 65342K [0x0000000081200000, 0x0000000087180000, 0x00000000d5b80000)
  object space 97792K, 66% used [0x0000000081200000,0x00000000851cfa10,0x0000000087180000)
 Metaspace       used 24508K, capacity 25092K, committed 25344K, reserved 1071104K
  class space    used 2816K, capacity 3012K, committed 3072K, reserved 1048576K
}
Event: 20.557 GC heap before
{Heap before GC invocations=15 (full 1):
 PSYoungGen      total 662016K, used 662002K [0x00000000d5b80000, 0x0000000100000000, 0x0000000100000000)
  eden space 637440K, 100% used [0x00000000d5b80000,0x00000000fca00000,0x00000000fca00000)
  from space 24576K, 99% used [0x00000000fca00000,0x00000000fe1fcb38,0x00000000fe200000)
  to   space 30208K, 0% used [0x00000000fe280000,0x00000000fe280000,0x0000000100000000)
 ParOldGen       total 97792K, used 65342K [0x0000000081200000, 0x0000000087180000, 0x00000000d5b80000)
  object space 97792K, 66% used [0x0000000081200000,0x00000000851cfa10,0x0000000087180000)
 Metaspace       used 24509K, capacity 25092K, committed 25344K, reserved 1071104K
  class space    used 2816K, capacity 3012K, committed 3072K, reserved 1048576K
Event: 20.568 GC heap after
Heap after GC invocations=15 (full 1):
 PSYoungGen      total 655360K, used 29853K [0x00000000d5b80000, 0x0000000100000000, 0x0000000100000000)
  eden space 625152K, 0% used [0x00000000d5b80000,0x00000000d5b80000,0x00000000fbe00000)
  from space 30208K, 98% used [0x00000000fe280000,0x00000000fffa7420,0x0000000100000000)
  to   space 33792K, 0% used [0x00000000fbe00000,0x00000000fbe00000,0x00000000fdf00000)
 ParOldGen       total 97792K, used 67614K [0x0000000081200000, 0x0000000087180000, 0x00000000d5b80000)
  object space 97792K, 69% used [0x0000000081200000,0x0000000085407800,0x0000000087180000)
 Metaspace       used 24509K, capacity 25092K, committed 25344K, reserved 1071104K
  class space    used 2816K, capacity 3012K, committed 3072K, reserved 1048576K
}
Event: 21.529 GC heap before
{Heap before GC invocations=16 (full 1):
 PSYoungGen      total 655360K, used 655005K [0x00000000d5b80000, 0x0000000100000000, 0x0000000100000000)
  eden space 625152K, 100% used [0x00000000d5b80000,0x00000000fbe00000,0x00000000fbe00000)
  from space 30208K, 98% used [0x00000000fe280000,0x00000000fffa7420,0x0000000100000000)
  to   space 33792K, 0% used [0x00000000fbe00000,0x00000000fbe00000,0x00000000fdf00000)
 ParOldGen       total 97792K, used 67614K [0x0000000081200000, 0x0000000087180000, 0x00000000d5b80000)
  object space 97792K, 69% used [0x0000000081200000,0x0000000085407800,0x0000000087180000)
 Metaspace       used 24524K, capacity 25092K, committed 25344K, reserved 1071104K
  class space    used 2816K, capacity 3012K, committed 3072K, reserved 1048576K
Event: 21.541 GC heap after
Heap after GC invocations=16 (full 1):
 PSYoungGen      total 658944K, used 33722K [0x00000000d5b80000, 0x0000000100000000, 0x0000000100000000)
  eden space 625152K, 0% used [0x00000000d5b80000,0x00000000d5b80000,0x00000000fbe00000)
  from space 33792K, 99% used [0x00000000fbe00000,0x00000000fdeee8a0,0x00000000fdf00000)
  to   space 33792K, 0% used [0x00000000fdf00000,0x00000000fdf00000,0x0000000100000000)
 ParOldGen       total 97792K, used 69019K [0x0000000081200000, 0x0000000087180000, 0x00000000d5b80000)
  object space 97792K, 70% used [0x0000000081200000,0x0000000085566dd0,0x0000000087180000)
 Metaspace       used 24524K, capacity 25092K, committed 25344K, reserved 1071104K
  class space    used 2816K, capacity 3012K, committed 3072K, reserved 1048576K
}
Event: 30.618 GC heap before
{Heap before GC invocations=17 (full 1):
 PSYoungGen      total 658944K, used 597320K [0x00000000d5b80000, 0x0000000100000000, 0x0000000100000000)
  eden space 625152K, 90% used [0x00000000d5b80000,0x00000000f81e3898,0x00000000fbe00000)
  from space 33792K, 99% used [0x00000000fbe00000,0x00000000fdeee8a0,0x00000000fdf00000)
  to   space 33792K, 0% used [0x00000000fdf00000,0x00000000fdf00000,0x0000000100000000)
 ParOldGen       total 97792K, used 69019K [0x0000000081200000, 0x0000000087180000, 0x00000000d5b80000)
  object space 97792K, 70% used [0x0000000081200000,0x0000000085566dd0,0x0000000087180000)
 Metaspace       used 34494K, capacity 35354K, committed 35712K, reserved 1081344K
  class space    used 3872K, capacity 4149K, committed 4224K, reserved 1048576K
Event: 30.678 GC heap after
Heap after GC invocations=17 (full 1):
 PSYoungGen      total 619008K, used 33763K [0x00000000d5b80000, 0x0000000100000000, 0x0000000100000000)
  eden space 585216K, 0% used [0x00000000d5b80000,0x00000000d5b80000,0x00000000f9700000)
  from space 33792K, 99% used [0x00000000fdf00000,0x00000000ffff8e00,0x0000000100000000)
  to   space 53760K, 0% used [0x00000000f9700000,0x00000000f9700000,0x00000000fcb80000)
 ParOldGen       total 99840K, used 99484K [0x0000000081200000, 0x0000000087380000, 0x00000000d5b80000)
  object space 99840K, 99% used [0x0000000081200000,0x0000000087327110,0x0000000087380000)
 Metaspace       used 34494K, capacity 35354K, committed 35712K, reserved 1081344K
  class space    used 3872K, capacity 4149K, committed 4224K, reserved 1048576K
}
Event: 30.678 GC heap before
{Heap before GC invocations=18 (full 2):
 PSYoungGen      total 619008K, used 33763K [0x00000000d5b80000, 0x0000000100000000, 0x0000000100000000)
  eden space 585216K, 0% used [0x00000000d5b80000,0x00000000d5b80000,0x00000000f9700000)
  from space 33792K, 99% used [0x00000000fdf00000,0x00000000ffff8e00,0x0000000100000000)
  to   space 53760K, 0% used [0x00000000f9700000,0x00000000f9700000,0x00000000fcb80000)
 ParOldGen       total 99840K, used 99484K [0x0000000081200000, 0x0000000087380000, 0x00000000d5b80000)
  object space 99840K, 99% used [0x0000000081200000,0x0000000087327110,0x0000000087380000)
 Metaspace       used 34494K, capacity 35354K, committed 35712K, reserved 1081344K
  class space    used 3872K, capacity 4149K, committed 4224K, reserved 1048576K
Event: 30.912 GC heap after
Heap after GC invocations=18 (full 2):
 PSYoungGen      total 619008K, used 0K [0x00000000d5b80000, 0x0000000100000000, 0x0000000100000000)
  eden space 585216K, 0% used [0x00000000d5b80000,0x00000000d5b80000,0x00000000f9700000)
  from space 33792K, 0% used [0x00000000fdf00000,0x00000000fdf00000,0x0000000100000000)
  to   space 53760K, 0% used [0x00000000f9700000,0x00000000f9700000,0x00000000fcb80000)
 ParOldGen       total 162816K, used 58655K [0x0000000081200000, 0x000000008b100000, 0x00000000d5b80000)
  object space 162816K, 36% used [0x0000000081200000,0x0000000084b47d88,0x000000008b100000)
 Metaspace       used 34494K, capacity 35354K, committed 35712K, reserved 1081344K
  class space    used 3872K, capacity 4149K, committed 4224K, reserved 1048576K
}

