# JRE version: Java(TM) SE Runtime Environment (8.0_65-b17) (build 1.8.0_65-b17)
# Java VM: Java HotSpot(TM) 64-Bit Server VM (25.65-b01 mixed mode windows-amd64 compressed oops)
Heap:
 PSYoungGen      total 620032K, used 417377K [0x00000000d5b80000, 0x0000000100000000, 0x0000000100000000)
  eden space 547328K, 76% used [0x00000000d5b80000,0x00000000ef3184c0,0x00000000f7200000)
  from space 72704K, 0% used [0x00000000f7200000,0x00000000f7200000,0x00000000fb900000)
  to   space 72704K, 0% used [0x00000000fb900000,0x00000000fb900000,0x0000000100000000)
 ParOldGen       total 230912K, used 104739K [0x0000000081200000, 0x000000008f380000, 0x00000000d5b80000)
  object space 230912K, 45% used [0x0000000081200000,0x0000000087848c28,0x000000008f380000)
 Metaspace       used 39171K, capacity 40198K, committed 40448K, reserved 1085440K
  class space    used 4444K, capacity 4747K, committed 4864K, reserved 1048576K
GC Heap History (10 events):
Event: 33.977 GC heap before
{Heap before GC invocations=22 (full 2):
 PSYoungGen      total 624640K, used 624572K [0x00000000d5b80000, 0x0000000100000000, 0x0000000100000000)
  eden space 585216K, 100% used [0x00000000d5b80000,0x00000000f9700000,0x00000000f9700000)
  from space 39424K, 99% used [0x00000000f9700000,0x00000000fbd6f148,0x00000000fbd80000)
  to   space 56320K, 0% used [0x00000000fc900000,0x00000000fc900000,0x0000000100000000)
 ParOldGen       total 174080K, used 133123K [0x0000000081200000, 0x000000008bc00000, 0x00000000d5b80000)
  object space 174080K, 76% used [0x0000000081200000,0x0000000089400d80,0x000000008bc00000)
 Metaspace       used 38054K, capacity 39078K, committed 39168K, reserved 1083392K
  class space    used 4292K, capacity 4580K, committed 4608K, reserved 1048576K
Event: 34.003 GC heap after
Heap after GC invocations=22 (full 2):
 PSYoungGen      total 629248K, used 42781K [0x00000000d5b80000, 0x0000000100000000, 0x0000000100000000)
  eden space 572928K, 0% used [0x00000000d5b80000,0x00000000d5b80000,0x00000000f8b00000)
  from space 56320K, 75% used [0x00000000fc900000,0x00000000ff2c7548,0x0000000100000000)
  to   space 59904K, 0% used [0x00000000f8b00000,0x00000000f8b00000,0x00000000fc580000)
 ParOldGen       total 174080K, used 133123K [0x0000000081200000, 0x000000008bc00000, 0x00000000d5b80000)
  object space 174080K, 76% used [0x0000000081200000,0x0000000089400d80,0x000000008bc00000)
 Metaspace       used 38054K, capacity 39078K, committed 39168K, reserved 1083392K
  class space    used 4292K, capacity 4580K, committed 4608K, reserved 1048576K
}
Event: 34.854 GC heap before
{Heap before GC invocations=23 (full 2):
 PSYoungGen      total 629248K, used 615709K [0x00000000d5b80000, 0x0000000100000000, 0x0000000100000000)
  eden space 572928K, 100% used [0x00000000d5b80000,0x00000000f8b00000,0x00000000f8b00000)
  from space 56320K, 75% used [0x00000000fc900000,0x00000000ff2c7548,0x0000000100000000)
  to   space 59904K, 0% used [0x00000000f8b00000,0x00000000f8b00000,0x00000000fc580000)
 ParOldGen       total 174080K, used 133123K [0x0000000081200000, 0x000000008bc00000, 0x00000000d5b80000)
  object space 174080K, 76% used [0x0000000081200000,0x0000000089400d80,0x000000008bc00000)
 Metaspace       used 38055K, capacity 39078K, committed 39168K, reserved 1083392K
  class space    used 4292K, capacity 4580K, committed 4608K, reserved 1048576K
Event: 34.891 GC heap after
Heap after GC invocations=23 (full 2):
 PSYoungGen      total 624640K, used 51474K [0x00000000d5b80000, 0x0000000100000000, 0x0000000100000000)
  eden space 572928K, 0% used [0x00000000d5b80000,0x00000000d5b80000,0x00000000f8b00000)
  from space 51712K, 99% used [0x00000000f8b00000,0x00000000fbd449a8,0x00000000fbd80000)
  to   space 65536K, 0% used [0x00000000fc000000,0x00000000fc000000,0x0000000100000000)
 ParOldGen       total 174080K, used 133123K [0x0000000081200000, 0x000000008bc00000, 0x00000000d5b80000)
  object space 174080K, 76% used [0x0000000081200000,0x0000000089400d80,0x000000008bc00000)
 Metaspace       used 38055K, capacity 39078K, committed 39168K, reserved 1083392K
  class space    used 4292K, capacity 4580K, committed 4608K, reserved 1048576K
}
Event: 35.596 GC heap before
{Heap before GC invocations=24 (full 2):
 PSYoungGen      total 624640K, used 624402K [0x00000000d5b80000, 0x0000000100000000, 0x0000000100000000)
  eden space 572928K, 100% used [0x00000000d5b80000,0x00000000f8b00000,0x00000000f8b00000)
  from space 51712K, 99% used [0x00000000f8b00000,0x00000000fbd449a8,0x00000000fbd80000)
  to   space 65536K, 0% used [0x00000000fc000000,0x00000000fc000000,0x0000000100000000)
 ParOldGen       total 174080K, used 133123K [0x0000000081200000, 0x000000008bc00000, 0x00000000d5b80000)
  object space 174080K, 76% used [0x0000000081200000,0x0000000089400d80,0x000000008bc00000)
 Metaspace       used 38056K, capacity 39078K, committed 39168K, reserved 1083392K
  class space    used 4292K, capacity 4580K, committed 4608K, reserved 1048576K
Event: 35.628 GC heap after
Heap after GC invocations=24 (full 2):
 PSYoungGen      total 612864K, used 57759K [0x00000000d5b80000, 0x0000000100000000, 0x0000000100000000)
  eden space 547328K, 0% used [0x00000000d5b80000,0x00000000d5b80000,0x00000000f7200000)
  from space 65536K, 88% used [0x00000000fc000000,0x00000000ff867e18,0x0000000100000000)
  to   space 72704K, 0% used [0x00000000f7200000,0x00000000f7200000,0x00000000fb900000)
 ParOldGen       total 174080K, used 133123K [0x0000000081200000, 0x000000008bc00000, 0x00000000d5b80000)
  object space 174080K, 76% used [0x0000000081200000,0x0000000089400d80,0x000000008bc00000)
 Metaspace       used 38056K, capacity 39078K, committed 39168K, reserved 1083392K
  class space    used 4292K, capacity 4580K, committed 4608K, reserved 1048576K
}
Event: 36.364 GC heap before
{Heap before GC invocations=25 (full 2):
 PSYoungGen      total 612864K, used 605087K [0x00000000d5b80000, 0x0000000100000000, 0x0000000100000000)
  eden space 547328K, 100% used [0x00000000d5b80000,0x00000000f7200000,0x00000000f7200000)
  from space 65536K, 88% used [0x00000000fc000000,0x00000000ff867e18,0x0000000100000000)
  to   space 72704K, 0% used [0x00000000f7200000,0x00000000f7200000,0x00000000fb900000)
 ParOldGen       total 174080K, used 133123K [0x0000000081200000, 0x000000008bc00000, 0x00000000d5b80000)
  object space 174080K, 76% used [0x0000000081200000,0x0000000089400d80,0x000000008bc00000)
 Metaspace       used 38058K, capacity 39078K, committed 39168K, reserved 1083392K
  class space    used 4292K, capacity 4580K, committed 4608K, reserved 1048576K
Event: 36.401 GC heap after
Heap after GC invocations=25 (full 2):
 PSYoungGen      total 620032K, used 44052K [0x00000000d5b80000, 0x0000000100000000, 0x0000000100000000)
  eden space 547328K, 0% used [0x00000000d5b80000,0x00000000d5b80000,0x00000000f7200000)
  from space 72704K, 60% used [0x00000000f7200000,0x00000000f9d053c0,0x00000000fb900000)
  to   space 72704K, 0% used [0x00000000fb900000,0x00000000fb900000,0x0000000100000000)
 ParOldGen       total 174080K, used 151736K [0x0000000081200000, 0x000000008bc00000, 0x00000000d5b80000)
  object space 174080K, 87% used [0x0000000081200000,0x000000008a62e310,0x000000008bc00000)
 Metaspace       used 38058K, capacity 39078K, committed 39168K, reserved 1083392K
  class space    used 4292K, capacity 4580K, committed 4608K, reserved 1048576K
}
Event: 36.401 GC heap before
{Heap before GC invocations=26 (full 3):
 PSYoungGen      total 620032K, used 44052K [0x00000000d5b80000, 0x0000000100000000, 0x0000000100000000)
  eden space 547328K, 0% used [0x00000000d5b80000,0x00000000d5b80000,0x00000000f7200000)
  from space 72704K, 60% used [0x00000000f7200000,0x00000000f9d053c0,0x00000000fb900000)
  to   space 72704K, 0% used [0x00000000fb900000,0x00000000fb900000,0x0000000100000000)
 ParOldGen       total 174080K, used 151736K [0x0000000081200000, 0x000000008bc00000, 0x00000000d5b80000)
  object space 174080K, 87% used [0x0000000081200000,0x000000008a62e310,0x000000008bc00000)
 Metaspace       used 38058K, capacity 39078K, committed 39168K, reserved 1083392K
  class space    used 4292K, capacity 4580K, committed 4608K, reserved 1048576K
Event: 37.011 GC heap after
Heap after GC invocations=26 (full 3):
 PSYoungGen      total 620032K, used 0K [0x00000000d5b80000, 0x0000000100000000, 0x0000000100000000)
  eden space 547328K, 0% used [0x00000000d5b80000,0x00000000d5b80000,0x00000000f7200000)
  from space 72704K, 0% used [0x00000000f7200000,0x00000000f7200000,0x00000000fb900000)
  to   space 72704K, 0% used [0x00000000fb900000,0x00000000fb900000,0x0000000100000000)
 ParOldGen       total 230912K, used 104739K [0x0000000081200000, 0x000000008f380000, 0x00000000d5b80000)
  object space 230912K, 45% used [0x0000000081200000,0x0000000087848c28,0x000000008f380000)
 Metaspace       used 38006K, capacity 38960K, committed 39168K, reserved 1083392K
  class space    used 4284K, capacity 4570K, committed 4608K, reserved 1048576K
}

